{"C:\\Users\\pauli\\OneDrive\\Área de Trabalho\\projetos\\tarot-api\\src\\types.ts": {"path":"C:\\Users\\pauli\\OneDrive\\Área de Trabalho\\projetos\\tarot-api\\src\\types.ts","statementMap":{"0":{"start":{"line":10,"column":0},"end":{"line":10,"column":null}},"1":{"start":{"line":11,"column":2},"end":{"line":11,"column":null}},"2":{"start":{"line":12,"column":2},"end":{"line":12,"column":null}},"3":{"start":{"line":15,"column":0},"end":{"line":15,"column":null}},"4":{"start":{"line":16,"column":2},"end":{"line":16,"column":null}},"5":{"start":{"line":17,"column":2},"end":{"line":17,"column":null}},"6":{"start":{"line":18,"column":2},"end":{"line":18,"column":null}},"7":{"start":{"line":19,"column":2},"end":{"line":19,"column":null}},"8":{"start":{"line":20,"column":2},"end":{"line":20,"column":null}}},"fnMap":{"0":{"name":"(anonymous_0)","decl":{"start":{"line":10,"column":0},"end":{"line":10,"column":12}},"loc":{"start":{"line":10,"column":18},"end":{"line":13,"column":1}}},"1":{"name":"(anonymous_1)","decl":{"start":{"line":15,"column":0},"end":{"line":15,"column":12}},"loc":{"start":{"line":15,"column":16},"end":{"line":21,"column":1}}}},"branchMap":{"0":{"loc":{"start":{"line":10,"column":12},"end":{"line":10,"column":null}},"type":"binary-expr","locations":[{"start":{"line":10,"column":12},"end":{"line":10,"column":18}},{"start":{"line":10,"column":12},"end":{"line":10,"column":null}}]},"1":{"loc":{"start":{"line":15,"column":12},"end":{"line":15,"column":null}},"type":"binary-expr","locations":[{"start":{"line":15,"column":12},"end":{"line":15,"column":16}},{"start":{"line":15,"column":12},"end":{"line":15,"column":null}}]}},"s":{"0":3,"1":3,"2":3,"3":3,"4":3,"5":3,"6":3,"7":3,"8":3},"f":{"0":3,"1":3},"b":{"0":[3,3],"1":[3,3]}}
,"C:\\Users\\pauli\\OneDrive\\Área de Trabalho\\projetos\\tarot-api\\src\\business\\CardBusiness.ts": {"path":"C:\\Users\\pauli\\OneDrive\\Área de Trabalho\\projetos\\tarot-api\\src\\business\\CardBusiness.ts","statementMap":{"0":{"start":{"line":2,"column":0},"end":{"line":2,"column":38}},"1":{"start":{"line":3,"column":0},"end":{"line":3,"column":24}},"2":{"start":{"line":7,"column":22},"end":{"line":7,"column":48}},"3":{"start":{"line":9,"column":9},"end":{"line":24,"column":4}},"4":{"start":{"line":9,"column":34},"end":{"line":24,"column":4}},"5":{"start":{"line":10,"column":26},"end":{"line":10,"column":63}},"6":{"start":{"line":12,"column":18},"end":{"line":22,"column":6}},"7":{"start":{"line":13,"column":19},"end":{"line":19,"column":null}},"8":{"start":{"line":21,"column":6},"end":{"line":21,"column":18}},"9":{"start":{"line":23,"column":4},"end":{"line":23,"column":17}},"10":{"start":{"line":26,"column":9},"end":{"line":53,"column":4}},"11":{"start":{"line":26,"column":42},"end":{"line":53,"column":4}},"12":{"start":{"line":27,"column":20},"end":{"line":27,"column":57}},"13":{"start":{"line":30,"column":6},"end":{"line":33,"column":null}},"14":{"start":{"line":30,"column":19},"end":{"line":30,"column":35}},"15":{"start":{"line":31,"column":18},"end":{"line":31,"column":53}},"16":{"start":{"line":32,"column":8},"end":{"line":32,"column":52}},"17":{"start":{"line":34,"column":6},"end":{"line":34,"column":19}},"18":{"start":{"line":37,"column":26},"end":{"line":37,"column":47}},"19":{"start":{"line":39,"column":18},"end":{"line":50,"column":6}},"20":{"start":{"line":40,"column":19},"end":{"line":46,"column":null}},"21":{"start":{"line":49,"column":6},"end":{"line":49,"column":18}},"22":{"start":{"line":52,"column":4},"end":{"line":52,"column":17}},"23":{"start":{"line":55,"column":9},"end":{"line":70,"column":4}},"24":{"start":{"line":55,"column":45},"end":{"line":70,"column":4}},"25":{"start":{"line":56,"column":23},"end":{"line":56,"column":71}},"26":{"start":{"line":58,"column":18},"end":{"line":68,"column":6}},"27":{"start":{"line":59,"column":19},"end":{"line":65,"column":null}},"28":{"start":{"line":67,"column":6},"end":{"line":67,"column":18}},"29":{"start":{"line":69,"column":4},"end":{"line":69,"column":17}},"30":{"start":{"line":72,"column":9},"end":{"line":99,"column":4}},"31":{"start":{"line":72,"column":53},"end":{"line":99,"column":4}},"32":{"start":{"line":73,"column":20},"end":{"line":73,"column":68}},"33":{"start":{"line":76,"column":6},"end":{"line":79,"column":null}},"34":{"start":{"line":76,"column":19},"end":{"line":76,"column":35}},"35":{"start":{"line":77,"column":18},"end":{"line":77,"column":53}},"36":{"start":{"line":78,"column":8},"end":{"line":78,"column":52}},"37":{"start":{"line":80,"column":6},"end":{"line":80,"column":19}},"38":{"start":{"line":83,"column":26},"end":{"line":83,"column":47}},"39":{"start":{"line":85,"column":18},"end":{"line":96,"column":6}},"40":{"start":{"line":86,"column":19},"end":{"line":92,"column":null}},"41":{"start":{"line":95,"column":6},"end":{"line":95,"column":18}},"42":{"start":{"line":98,"column":4},"end":{"line":98,"column":17}},"43":{"start":{"line":101,"column":9},"end":{"line":116,"column":4}},"44":{"start":{"line":101,"column":45},"end":{"line":116,"column":4}},"45":{"start":{"line":102,"column":23},"end":{"line":102,"column":71}},"46":{"start":{"line":104,"column":18},"end":{"line":114,"column":6}},"47":{"start":{"line":105,"column":19},"end":{"line":111,"column":null}},"48":{"start":{"line":113,"column":6},"end":{"line":113,"column":18}},"49":{"start":{"line":115,"column":4},"end":{"line":115,"column":17}},"50":{"start":{"line":118,"column":9},"end":{"line":145,"column":4}},"51":{"start":{"line":118,"column":53},"end":{"line":145,"column":4}},"52":{"start":{"line":119,"column":20},"end":{"line":119,"column":68}},"53":{"start":{"line":122,"column":6},"end":{"line":125,"column":null}},"54":{"start":{"line":122,"column":19},"end":{"line":122,"column":35}},"55":{"start":{"line":123,"column":18},"end":{"line":123,"column":53}},"56":{"start":{"line":124,"column":8},"end":{"line":124,"column":52}},"57":{"start":{"line":126,"column":6},"end":{"line":126,"column":19}},"58":{"start":{"line":129,"column":26},"end":{"line":129,"column":47}},"59":{"start":{"line":131,"column":18},"end":{"line":142,"column":6}},"60":{"start":{"line":132,"column":19},"end":{"line":138,"column":null}},"61":{"start":{"line":141,"column":6},"end":{"line":141,"column":18}},"62":{"start":{"line":144,"column":4},"end":{"line":144,"column":17}},"63":{"start":{"line":147,"column":9},"end":{"line":171,"column":4}},"64":{"start":{"line":147,"column":48},"end":{"line":171,"column":4}},"65":{"start":{"line":148,"column":4},"end":{"line":150,"column":null}},"66":{"start":{"line":149,"column":6},"end":{"line":149,"column":43}},"67":{"start":{"line":152,"column":19},"end":{"line":152,"column":62}},"68":{"start":{"line":154,"column":4},"end":{"line":156,"column":null}},"69":{"start":{"line":155,"column":6},"end":{"line":155,"column":46}},"70":{"start":{"line":158,"column":18},"end":{"line":168,"column":6}},"71":{"start":{"line":159,"column":19},"end":{"line":165,"column":null}},"72":{"start":{"line":167,"column":6},"end":{"line":167,"column":18}},"73":{"start":{"line":170,"column":4},"end":{"line":170,"column":17}},"74":{"start":{"line":173,"column":9},"end":{"line":181,"column":4}},"75":{"start":{"line":173,"column":44},"end":{"line":181,"column":4}},"76":{"start":{"line":174,"column":17},"end":{"line":174,"column":56}},"77":{"start":{"line":176,"column":4},"end":{"line":180,"column":null}},"78":{"start":{"line":177,"column":6},"end":{"line":177,"column":46}},"79":{"start":{"line":179,"column":6},"end":{"line":179,"column":18}},"80":{"start":{"line":183,"column":9},"end":{"line":193,"column":4}},"81":{"start":{"line":183,"column":49},"end":{"line":193,"column":4}},"82":{"start":{"line":184,"column":20},"end":{"line":184,"column":64}},"83":{"start":{"line":186,"column":4},"end":{"line":188,"column":null}},"84":{"start":{"line":187,"column":6},"end":{"line":187,"column":46}},"85":{"start":{"line":190,"column":20},"end":{"line":190,"column":70}},"86":{"start":{"line":192,"column":4},"end":{"line":192,"column":19}},"87":{"start":{"line":6,"column":0},"end":{"line":6,"column":13}}},"fnMap":{"0":{"name":"(anonymous_8)","decl":{"start":{"line":7,"column":2},"end":{"line":7,"column":22}},"loc":{"start":{"line":7,"column":48},"end":{"line":7,"column":52}}},"1":{"name":"(anonymous_9)","decl":{"start":{"line":9,"column":23},"end":{"line":9,"column":32}},"loc":{"start":{"line":9,"column":34},"end":{"line":24,"column":4}}},"2":{"name":"(anonymous_10)","decl":{"start":{"line":9,"column":34},"end":{"line":9,"column":null}},"loc":{"start":{"line":9,"column":34},"end":{"line":24,"column":3}}},"3":{"name":"(anonymous_11)","decl":{"start":{"line":12,"column":36},"end":{"line":12,"column":37}},"loc":{"start":{"line":12,"column":47},"end":{"line":22,"column":5}}},"4":{"name":"(anonymous_12)","decl":{"start":{"line":26,"column":31},"end":{"line":26,"column":40}},"loc":{"start":{"line":26,"column":42},"end":{"line":53,"column":4}}},"5":{"name":"(anonymous_13)","decl":{"start":{"line":26,"column":42},"end":{"line":26,"column":null}},"loc":{"start":{"line":26,"column":42},"end":{"line":53,"column":3}}},"6":{"name":"shuffleCards","decl":{"start":{"line":29,"column":13},"end":{"line":29,"column":25}},"loc":{"start":{"line":29,"column":36},"end":{"line":35,"column":5}}},"7":{"name":"(anonymous_15)","decl":{"start":{"line":39,"column":36},"end":{"line":39,"column":37}},"loc":{"start":{"line":39,"column":54},"end":{"line":50,"column":5}}},"8":{"name":"(anonymous_16)","decl":{"start":{"line":55,"column":34},"end":{"line":55,"column":43}},"loc":{"start":{"line":55,"column":45},"end":{"line":70,"column":4}}},"9":{"name":"(anonymous_17)","decl":{"start":{"line":55,"column":45},"end":{"line":55,"column":null}},"loc":{"start":{"line":55,"column":45},"end":{"line":70,"column":3}}},"10":{"name":"(anonymous_18)","decl":{"start":{"line":58,"column":33},"end":{"line":58,"column":34}},"loc":{"start":{"line":58,"column":44},"end":{"line":68,"column":5}}},"11":{"name":"(anonymous_19)","decl":{"start":{"line":72,"column":42},"end":{"line":72,"column":51}},"loc":{"start":{"line":72,"column":53},"end":{"line":99,"column":4}}},"12":{"name":"(anonymous_20)","decl":{"start":{"line":72,"column":53},"end":{"line":72,"column":null}},"loc":{"start":{"line":72,"column":53},"end":{"line":99,"column":3}}},"13":{"name":"shuffleCards","decl":{"start":{"line":75,"column":13},"end":{"line":75,"column":25}},"loc":{"start":{"line":75,"column":36},"end":{"line":81,"column":5}}},"14":{"name":"(anonymous_22)","decl":{"start":{"line":85,"column":36},"end":{"line":85,"column":37}},"loc":{"start":{"line":85,"column":54},"end":{"line":96,"column":5}}},"15":{"name":"(anonymous_23)","decl":{"start":{"line":101,"column":34},"end":{"line":101,"column":43}},"loc":{"start":{"line":101,"column":45},"end":{"line":116,"column":4}}},"16":{"name":"(anonymous_24)","decl":{"start":{"line":101,"column":45},"end":{"line":101,"column":null}},"loc":{"start":{"line":101,"column":45},"end":{"line":116,"column":3}}},"17":{"name":"(anonymous_25)","decl":{"start":{"line":104,"column":33},"end":{"line":104,"column":34}},"loc":{"start":{"line":104,"column":44},"end":{"line":114,"column":5}}},"18":{"name":"(anonymous_26)","decl":{"start":{"line":118,"column":42},"end":{"line":118,"column":51}},"loc":{"start":{"line":118,"column":53},"end":{"line":145,"column":4}}},"19":{"name":"(anonymous_27)","decl":{"start":{"line":118,"column":53},"end":{"line":118,"column":null}},"loc":{"start":{"line":118,"column":53},"end":{"line":145,"column":3}}},"20":{"name":"shuffleCards","decl":{"start":{"line":121,"column":13},"end":{"line":121,"column":25}},"loc":{"start":{"line":121,"column":36},"end":{"line":127,"column":5}}},"21":{"name":"(anonymous_29)","decl":{"start":{"line":131,"column":36},"end":{"line":131,"column":37}},"loc":{"start":{"line":131,"column":54},"end":{"line":142,"column":5}}},"22":{"name":"(anonymous_30)","decl":{"start":{"line":147,"column":25},"end":{"line":147,"column":32}},"loc":{"start":{"line":147,"column":48},"end":{"line":171,"column":4}}},"23":{"name":"(anonymous_31)","decl":{"start":{"line":147,"column":48},"end":{"line":147,"column":null}},"loc":{"start":{"line":147,"column":48},"end":{"line":171,"column":3}}},"24":{"name":"(anonymous_32)","decl":{"start":{"line":158,"column":29},"end":{"line":158,"column":30}},"loc":{"start":{"line":158,"column":40},"end":{"line":168,"column":5}}},"25":{"name":"(anonymous_33)","decl":{"start":{"line":173,"column":23},"end":{"line":173,"column":30}},"loc":{"start":{"line":173,"column":44},"end":{"line":181,"column":4}}},"26":{"name":"(anonymous_34)","decl":{"start":{"line":173,"column":44},"end":{"line":173,"column":null}},"loc":{"start":{"line":173,"column":44},"end":{"line":181,"column":3}}},"27":{"name":"(anonymous_35)","decl":{"start":{"line":183,"column":28},"end":{"line":183,"column":35}},"loc":{"start":{"line":183,"column":49},"end":{"line":193,"column":4}}},"28":{"name":"(anonymous_36)","decl":{"start":{"line":183,"column":49},"end":{"line":183,"column":null}},"loc":{"start":{"line":183,"column":49},"end":{"line":193,"column":3}}}},"branchMap":{"0":{"loc":{"start":{"line":148,"column":4},"end":{"line":150,"column":null}},"type":"if","locations":[{"start":{"line":148,"column":4},"end":{"line":150,"column":null}}]},"1":{"loc":{"start":{"line":154,"column":4},"end":{"line":156,"column":null}},"type":"if","locations":[{"start":{"line":154,"column":4},"end":{"line":156,"column":null}}]},"2":{"loc":{"start":{"line":176,"column":4},"end":{"line":180,"column":null}},"type":"if","locations":[{"start":{"line":176,"column":4},"end":{"line":180,"column":null}},{"start":{"line":178,"column":11},"end":{"line":180,"column":null}}]},"3":{"loc":{"start":{"line":186,"column":4},"end":{"line":188,"column":null}},"type":"if","locations":[{"start":{"line":186,"column":4},"end":{"line":188,"column":null}}]}},"s":{"0":3,"1":3,"2":3,"3":3,"4":1,"5":1,"6":1,"7":1,"8":1,"9":1,"10":3,"11":1,"12":1,"13":1,"14":1,"15":3,"16":3,"17":1,"18":1,"19":1,"20":4,"21":4,"22":1,"23":3,"24":1,"25":1,"26":1,"27":0,"28":0,"29":1,"30":3,"31":0,"32":0,"33":0,"34":0,"35":0,"36":0,"37":0,"38":0,"39":0,"40":0,"41":0,"42":0,"43":3,"44":0,"45":0,"46":0,"47":0,"48":0,"49":0,"50":3,"51":0,"52":0,"53":0,"54":0,"55":0,"56":0,"57":0,"58":0,"59":0,"60":0,"61":0,"62":0,"63":3,"64":0,"65":0,"66":0,"67":0,"68":0,"69":0,"70":0,"71":0,"72":0,"73":0,"74":3,"75":0,"76":0,"77":0,"78":0,"79":0,"80":3,"81":0,"82":0,"83":0,"84":0,"85":0,"86":0,"87":3},"f":{"0":3,"1":1,"2":1,"3":1,"4":1,"5":1,"6":1,"7":4,"8":1,"9":1,"10":0,"11":0,"12":0,"13":0,"14":0,"15":0,"16":0,"17":0,"18":0,"19":0,"20":0,"21":0,"22":0,"23":0,"24":0,"25":0,"26":0,"27":0,"28":0},"b":{"0":[0],"1":[0],"2":[0,0],"3":[0]}}
,"C:\\Users\\pauli\\OneDrive\\Área de Trabalho\\projetos\\tarot-api\\src\\models\\Card.ts": {"path":"C:\\Users\\pauli\\OneDrive\\Área de Trabalho\\projetos\\tarot-api\\src\\models\\Card.ts","statementMap":{"0":{"start":{"line":5,"column":12},"end":{"line":5,"column":22}},"1":{"start":{"line":6,"column":12},"end":{"line":6,"column":26}},"2":{"start":{"line":7,"column":12},"end":{"line":7,"column":24}},"3":{"start":{"line":8,"column":12},"end":{"line":8,"column":23}},"4":{"start":{"line":9,"column":12},"end":{"line":9,"column":26}},"5":{"start":{"line":10,"column":12},"end":{"line":10,"column":22}},"6":{"start":{"line":14,"column":4},"end":{"line":14,"column":19}},"7":{"start":{"line":17,"column":4},"end":{"line":17,"column":20}},"8":{"start":{"line":20,"column":4},"end":{"line":20,"column":23}},"9":{"start":{"line":23,"column":4},"end":{"line":23,"column":24}},"10":{"start":{"line":26,"column":4},"end":{"line":26,"column":21}},"11":{"start":{"line":29,"column":4},"end":{"line":29,"column":22}},"12":{"start":{"line":32,"column":4},"end":{"line":32,"column":20}},"13":{"start":{"line":35,"column":4},"end":{"line":35,"column":21}},"14":{"start":{"line":38,"column":4},"end":{"line":38,"column":23}},"15":{"start":{"line":41,"column":4},"end":{"line":41,"column":24}},"16":{"start":{"line":44,"column":4},"end":{"line":44,"column":21}},"17":{"start":{"line":47,"column":4},"end":{"line":47,"column":22}},"18":{"start":{"line":3,"column":0},"end":{"line":3,"column":13}}},"fnMap":{"0":{"name":"(anonymous_0)","decl":{"start":{"line":4,"column":2},"end":{"line":4,"column":null}},"loc":{"start":{"line":10,"column":22},"end":{"line":11,"column":6}}},"1":{"name":"(anonymous_1)","decl":{"start":{"line":13,"column":9},"end":{"line":13,"column":14}},"loc":{"start":{"line":13,"column":14},"end":{"line":15,"column":3}}},"2":{"name":"(anonymous_2)","decl":{"start":{"line":16,"column":9},"end":{"line":16,"column":14}},"loc":{"start":{"line":16,"column":28},"end":{"line":18,"column":3}}},"3":{"name":"(anonymous_3)","decl":{"start":{"line":19,"column":9},"end":{"line":19,"column":18}},"loc":{"start":{"line":19,"column":18},"end":{"line":21,"column":3}}},"4":{"name":"(anonymous_4)","decl":{"start":{"line":22,"column":9},"end":{"line":22,"column":18}},"loc":{"start":{"line":22,"column":32},"end":{"line":24,"column":3}}},"5":{"name":"(anonymous_5)","decl":{"start":{"line":25,"column":9},"end":{"line":25,"column":16}},"loc":{"start":{"line":25,"column":16},"end":{"line":27,"column":3}}},"6":{"name":"(anonymous_6)","decl":{"start":{"line":28,"column":9},"end":{"line":28,"column":16}},"loc":{"start":{"line":28,"column":30},"end":{"line":30,"column":3}}},"7":{"name":"(anonymous_7)","decl":{"start":{"line":31,"column":9},"end":{"line":31,"column":15}},"loc":{"start":{"line":31,"column":15},"end":{"line":33,"column":3}}},"8":{"name":"(anonymous_8)","decl":{"start":{"line":34,"column":9},"end":{"line":34,"column":15}},"loc":{"start":{"line":34,"column":29},"end":{"line":36,"column":3}}},"9":{"name":"(anonymous_9)","decl":{"start":{"line":37,"column":9},"end":{"line":37,"column":18}},"loc":{"start":{"line":37,"column":18},"end":{"line":39,"column":3}}},"10":{"name":"(anonymous_10)","decl":{"start":{"line":40,"column":9},"end":{"line":40,"column":18}},"loc":{"start":{"line":40,"column":32},"end":{"line":42,"column":3}}},"11":{"name":"(anonymous_11)","decl":{"start":{"line":43,"column":9},"end":{"line":43,"column":16}},"loc":{"start":{"line":43,"column":16},"end":{"line":45,"column":3}}},"12":{"name":"(anonymous_12)","decl":{"start":{"line":46,"column":9},"end":{"line":46,"column":16}},"loc":{"start":{"line":46,"column":28},"end":{"line":48,"column":3}}}},"branchMap":{},"s":{"0":14,"1":14,"2":14,"3":14,"4":14,"5":14,"6":0,"7":0,"8":0,"9":0,"10":0,"11":0,"12":0,"13":0,"14":0,"15":0,"16":0,"17":0,"18":3},"f":{"0":14,"1":0,"2":0,"3":0,"4":0,"5":0,"6":0,"7":0,"8":0,"9":0,"10":0,"11":0,"12":0},"b":{}}
}
