TN:
SF:src\types.ts
FN:10,(anonymous_0)
FN:15,(anonymous_1)
FNF:2
FNH:2
FNDA:3,(anonymous_0)
FNDA:3,(anonymous_1)
DA:10,3
DA:11,3
DA:12,3
DA:15,3
DA:16,3
DA:17,3
DA:18,3
DA:19,3
DA:20,3
LF:9
LH:9
BRDA:10,0,0,3
BRDA:10,0,1,3
BRDA:15,1,0,3
BRDA:15,1,1,3
BRF:4
BRH:4
end_of_record
TN:
SF:src\business\CardBusiness.ts
FN:7,(anonymous_8)
FN:9,(anonymous_9)
FN:9,(anonymous_10)
FN:12,(anonymous_11)
FN:26,(anonymous_12)
FN:26,(anonymous_13)
FN:29,shuffleCards
FN:39,(anonymous_15)
FN:55,(anonymous_16)
FN:55,(anonymous_17)
FN:58,(anonymous_18)
FN:72,(anonymous_19)
FN:72,(anonymous_20)
FN:75,shuffleCards
FN:85,(anonymous_22)
FN:101,(anonymous_23)
FN:101,(anonymous_24)
FN:104,(anonymous_25)
FN:118,(anonymous_26)
FN:118,(anonymous_27)
FN:121,shuffleCards
FN:131,(anonymous_29)
FN:147,(anonymous_30)
FN:147,(anonymous_31)
FN:158,(anonymous_32)
FN:173,(anonymous_33)
FN:173,(anonymous_34)
FN:183,(anonymous_35)
FN:183,(anonymous_36)
FNF:29
FNH:10
FNDA:3,(anonymous_8)
FNDA:1,(anonymous_9)
FNDA:1,(anonymous_10)
FNDA:1,(anonymous_11)
FNDA:1,(anonymous_12)
FNDA:1,(anonymous_13)
FNDA:1,shuffleCards
FNDA:4,(anonymous_15)
FNDA:1,(anonymous_16)
FNDA:1,(anonymous_17)
FNDA:0,(anonymous_18)
FNDA:0,(anonymous_19)
FNDA:0,(anonymous_20)
FNDA:0,shuffleCards
FNDA:0,(anonymous_22)
FNDA:0,(anonymous_23)
FNDA:0,(anonymous_24)
FNDA:0,(anonymous_25)
FNDA:0,(anonymous_26)
FNDA:0,(anonymous_27)
FNDA:0,shuffleCards
FNDA:0,(anonymous_29)
FNDA:0,(anonymous_30)
FNDA:0,(anonymous_31)
FNDA:0,(anonymous_32)
FNDA:0,(anonymous_33)
FNDA:0,(anonymous_34)
FNDA:0,(anonymous_35)
FNDA:0,(anonymous_36)
DA:2,3
DA:3,3
DA:6,3
DA:7,3
DA:9,3
DA:10,1
DA:12,1
DA:13,1
DA:21,1
DA:23,1
DA:26,3
DA:27,1
DA:30,1
DA:31,3
DA:32,3
DA:34,1
DA:37,1
DA:39,1
DA:40,4
DA:49,4
DA:52,1
DA:55,3
DA:56,1
DA:58,1
DA:59,0
DA:67,0
DA:69,1
DA:72,3
DA:73,0
DA:76,0
DA:77,0
DA:78,0
DA:80,0
DA:83,0
DA:85,0
DA:86,0
DA:95,0
DA:98,0
DA:101,3
DA:102,0
DA:104,0
DA:105,0
DA:113,0
DA:115,0
DA:118,3
DA:119,0
DA:122,0
DA:123,0
DA:124,0
DA:126,0
DA:129,0
DA:131,0
DA:132,0
DA:141,0
DA:144,0
DA:147,3
DA:148,0
DA:149,0
DA:152,0
DA:154,0
DA:155,0
DA:158,0
DA:159,0
DA:167,0
DA:170,0
DA:173,3
DA:174,0
DA:176,0
DA:177,0
DA:179,0
DA:183,3
DA:184,0
DA:186,0
DA:187,0
DA:190,0
DA:192,0
LF:76
LH:31
BRDA:148,0,0,0
BRDA:154,1,0,0
BRDA:176,2,0,0
BRDA:176,2,1,0
BRDA:186,3,0,0
BRF:5
BRH:0
end_of_record
TN:
SF:src\models\Card.ts
FN:4,(anonymous_0)
FN:13,(anonymous_1)
FN:16,(anonymous_2)
FN:19,(anonymous_3)
FN:22,(anonymous_4)
FN:25,(anonymous_5)
FN:28,(anonymous_6)
FN:31,(anonymous_7)
FN:34,(anonymous_8)
FN:37,(anonymous_9)
FN:40,(anonymous_10)
FN:43,(anonymous_11)
FN:46,(anonymous_12)
FNF:13
FNH:1
FNDA:14,(anonymous_0)
FNDA:0,(anonymous_1)
FNDA:0,(anonymous_2)
FNDA:0,(anonymous_3)
FNDA:0,(anonymous_4)
FNDA:0,(anonymous_5)
FNDA:0,(anonymous_6)
FNDA:0,(anonymous_7)
FNDA:0,(anonymous_8)
FNDA:0,(anonymous_9)
FNDA:0,(anonymous_10)
FNDA:0,(anonymous_11)
FNDA:0,(anonymous_12)
DA:3,3
DA:5,14
DA:6,14
DA:7,14
DA:8,14
DA:9,14
DA:10,14
DA:14,0
DA:17,0
DA:20,0
DA:23,0
DA:26,0
DA:29,0
DA:32,0
DA:35,0
DA:38,0
DA:41,0
DA:44,0
DA:47,0
LF:19
LH:7
BRF:0
BRH:0
end_of_record
